\BOOKMARK [0][-]{section*.4}{فهرست اشکال}{}% 1
\BOOKMARK [0][-]{section*.5}{فهرست جداول}{}% 2
\BOOKMARK [0][-]{chapter.1}{مقدمه}{}% 3
\BOOKMARK [1][-]{section.1.1}{مقدمه}{chapter.1}% 4
\BOOKMARK [1][-]{section.1.2}{توضیح مساله}{chapter.1}% 5
\BOOKMARK [1][-]{section.1.3}{مروری بر روند پژوهش های پیشین}{chapter.1}% 6
\BOOKMARK [0][-]{chapter.2}{مروری بر مطالعات گذشته}{}% 7
\BOOKMARK [1][-]{section.2.1}{مقدمه}{chapter.2}% 8
\BOOKMARK [2][-]{subsection.2.1.1}{مغز چگونه تصاویر را درک می کند؟}{section.2.1}% 9
\BOOKMARK [0][-]{chapter.3}{روش ارائه شده در پژوهش}{}% 10
\BOOKMARK [1][-]{section.3.1}{مقدمه}{chapter.3}% 11
\BOOKMARK [1][-]{section.3.2}{بیان مشکلات موجود}{chapter.3}% 12
\BOOKMARK [0][-]{chapter.4}{مشخصات یک پایان نامه و گزارش علمی}{}% 13
\BOOKMARK [1][-]{section.4.1}{برخورداری از غنای علمی }{chapter.4}% 14
\BOOKMARK [1][-]{section.4.2}{ارجاع به‌موقع و صحیح به منابع دیگر}{chapter.4}% 15
\BOOKMARK [1][-]{section.4.3}{ساده‌نویسی }{chapter.4}% 16
\BOOKMARK [1][-]{section.4.4}{وحدت موضوع}{chapter.4}% 17
\BOOKMARK [1][-]{section.4.5}{اختصار}{chapter.4}% 18
\BOOKMARK [1][-]{section.4.6}{رعایت نكات دستوري و نشانه‌گذاري}{chapter.4}% 19
\BOOKMARK [1][-]{section.4.7}{توجه به معلومات ذهنی مخاطب}{chapter.4}% 20
\BOOKMARK [1][-]{section.4.8}{رعایت مراحل اصولی نگارش}{chapter.4}% 21
\BOOKMARK [0][-]{chapter.5}{جمع‌بندي و نتيجه‌گيري و پیشنهادات}{}% 22
\BOOKMARK [1][-]{section.5.1}{پیشنهادات}{chapter.5}% 23
\BOOKMARK [0][-]{appendix*.6}{منابع و مراجع}{}% 24
\BOOKMARK [0][-]{appendix*.7}{پیوست}{}% 25
\BOOKMARK [0][-]{appendix*.9}{واژه‌نامه‌ی فارسی به انگلیسی}{}% 26
\BOOKMARK [0][-]{appendix*.10}{واژه‌نامه‌ی انگلیسی به فارسی}{}% 27
